18/10/17 15:14:49 - ===========================================
18/10/17 15:14:49 - Form: Form3
18/10/17 15:14:49 - Caption: Form3
18/10/17 15:14:49 - Erro:EConvertError
18/10/17 15:14:49 - Erro:'dsadas' is not a valid integer value
18/10/17 15:14:49 - ===========================================
18/10/17 15:15:17 - ===========================================
18/10/17 15:15:17 - Form: Form3
18/10/17 15:15:17 - Caption: Form3
18/10/17 15:15:17 - Erro:EConvertError
18/10/17 15:15:17 - Erro:'dsadas' is not a valid integer value
18/10/17 15:15:17 - ===========================================
18/10/17 15:15:38 - ===========================================
18/10/17 15:15:38 - Form: Form3
18/10/17 15:15:38 - Caption: Form3
18/10/17 15:15:38 - Erro:EConvertError
18/10/17 15:15:38 - Erro:'dsadas' is not a valid integer value
18/10/17 15:15:38 - ===========================================
18/10/17 15:15:40 - ===========================================
18/10/17 15:15:40 - Form: Form3
18/10/17 15:15:40 - Caption: Form3
18/10/17 15:15:40 - Erro:EConvertError
18/10/17 15:15:40 - Erro:'dsadas' is not a valid integer value
18/10/17 15:15:40 - ===========================================
18/10/17 15:15:41 - ===========================================
18/10/17 15:15:41 - Form: Form3
18/10/17 15:15:41 - Caption: Form3
18/10/17 15:15:41 - Erro:EConvertError
18/10/17 15:15:41 - Erro:'dsadas' is not a valid integer value
18/10/17 15:15:41 - ===========================================
18/10/17 15:15:58 - ===========================================
18/10/17 15:15:58 - Form: Form3
18/10/17 15:15:58 - Caption: Form3
18/10/17 15:15:58 - Erro:EConvertError
18/10/17 15:15:58 - Erro:'dsadas' is not a valid integer value
18/10/17 15:16:00 - ===========================================
18/10/17 15:16:00 - Form: Form3
18/10/17 15:16:00 - Caption: Form3
18/10/17 15:16:00 - Erro:EConvertError
18/10/17 15:16:00 - Erro:'dsadas' is not a valid integer value
18/10/17 15:16:01 - ===========================================
18/10/17 15:16:01 - Form: Form3
18/10/17 15:16:01 - Caption: Form3
18/10/17 15:16:01 - Erro:EConvertError
18/10/17 15:16:01 - Erro:'dsadas' is not a valid integer value
18/10/17 15:35:55 - ===========================================
18/10/17 15:35:55 - Form: Form3
18/10/17 15:35:55 - Caption: Form3
18/10/17 15:35:55 - Erro:EConvertError
18/10/17 15:35:55 - Erro:'dsadas' is not a valid integer value
18/10/17 15:35:55 - Erro:
18/10/17 15:35:55 - Erro:
